<?xml version="1.0" encoding="UTF-8"?>
<testsuite xmlns:xsi="http://www.w3.org/2001/XMLSchema-instance" xsi:noNamespaceSchemaLocation="https://maven.apache.org/surefire/maven-surefire-plugin/xsd/surefire-test-report.xsd" version="3.0.1" name="runner.TestRunner" time="76.942" tests="9" errors="0" skipped="0" failures="0">
  <properties>
[...]
</properties>
  <testcase name="Login with valid credentials ." classname="Login functionality" time="8.708">
    <system-out><![CDATA[
Scenario: Login with valid credentials .                                # src/test/resources/features/login.feature:3
  ✔ Given User has navigated to login page                              # stepdefinitions.Login.user_has_navigated_to_login_page()
  ✔ When User enters valid email "Bhaviravi@gmail.com" into email field # stepdefinitions.Login.user_enters_valid_email_into_email_field(java.lang.String)
  ✔ And User enters valid password "Bhaviravi" into password field      # stepdefinitions.Login.user_enters_valid_password_into_password_field(java.lang.String)
  ✔ And User clicks on login button                                     # stepdefinitions.Login.user_clicks_on_login_button()
  ✔ Then User should successfully logged in.                            # stepdefinitions.Login.user_should_successfully_logged_in()
]]></system-out>
    <system-err><![CDATA[Sep 10, 2026 2:59:46 PM org.openqa.selenium.devtools.CdpVersionFinder findNearestMatch
WARNING: Unable to find CDP implementation matching 152
Sep 10, 2026 2:59:46 PM org.openqa.selenium.chromium.ChromiumDriver lambda$new$4
WARNING: Unable to find version of CDP to use for 152.0.7977.76. You may need to include a dependency on a specific version of the CDP using something similar to `org.seleniumhq.selenium:selenium-devtools-v86:4.35.0` where the version ("v86") matches the version of the chromium-based browser you're using and the version number of the artifact is the same as Selenium's.
]]></system-err>
  </testcase>
  <testcase name="Login with invalid credentials ." classname="Login functionality" time="5.651">
    <system-out><![CDATA[
Scenario: Login with invalid credentials .                             # src/test/resources/features/login.feature:10
  ✔ Given User has navigated to login page                             # stepdefinitions.Login.user_has_navigated_to_login_page()
  ✔ When User enters invalid email into email field                    # stepdefinitions.Login.user_enters_invalid_email_into_email_field()
  ✔ And User enters invalid password "Bhaviraviwq" into password field # stepdefinitions.Login.user_enters_invalid_password_into_password_field(java.lang.String)
  ✔ And User clicks on login button                                    # stepdefinitions.Login.user_clicks_on_login_button()
  ✔ Then User should get a warning message                             # stepdefinitions.Login.user_should_get_a_warning_message()
]]></system-out>
    <system-err><![CDATA[Sep 10, 2026 2:59:53 PM org.openqa.selenium.devtools.CdpVersionFinder findNearestMatch
WARNING: Unable to find CDP implementation matching 152
Sep 10, 2026 2:59:53 PM org.openqa.selenium.chromium.ChromiumDriver lambda$new$4
WARNING: Unable to find version of CDP to use for 152.0.7977.76. You may need to include a dependency on a specific version of the CDP using something similar to `org.seleniumhq.selenium:selenium-devtools-v86:4.35.0` where the version ("v86") matches the version of the chromium-based browser you're using and the version number of the artifact is the same as Selenium's.
]]></system-err>
  </testcase>
  <testcase name="Login with valid email and invalid password" classname="Login functionality" time="13.805">
    <system-out><![CDATA[
Scenario: Login with valid email and invalid password                   # src/test/resources/features/login.feature:17
  ✔ Given User has navigated to login page                              # stepdefinitions.Login.user_has_navigated_to_login_page()
  ✔ When User enters valid email "Bhaviravi@gmail.com" into email field # stepdefinitions.Login.user_enters_valid_email_into_email_field(java.lang.String)
  ✔ And User enters invalid password "Bhaviravi123" into password field # stepdefinitions.Login.user_enters_invalid_password_into_password_field(java.lang.String)
  ✔ And User clicks on login button                                     # stepdefinitions.Login.user_clicks_on_login_button()
  ✔ Then User should get a warning message                              # stepdefinitions.Login.user_should_get_a_warning_message()
]]></system-out>
    <system-err><![CDATA[Sep 10, 2026 2:59:58 PM org.openqa.selenium.devtools.CdpVersionFinder findNearestMatch
WARNING: Unable to find CDP implementation matching 152
Sep 10, 2026 2:59:58 PM org.openqa.selenium.chromium.ChromiumDriver lambda$new$4
WARNING: Unable to find version of CDP to use for 152.0.7977.76. You may need to include a dependency on a specific version of the CDP using something similar to `org.seleniumhq.selenium:selenium-devtools-v86:4.35.0` where the version ("v86") matches the version of the chromium-based browser you're using and the version number of the artifact is the same as Selenium's.
]]></system-err>
  </testcase>
  <testcase name="Login with invalid email and valid password" classname="Login functionality" time="22.273">
    <system-out><![CDATA[
Scenario: Login with invalid email and valid password              # src/test/resources/features/login.feature:24
  ✔ Given User has navigated to login page                         # stepdefinitions.Login.user_has_navigated_to_login_page()
  ✔ When User enters invalid email into email field                # stepdefinitions.Login.user_enters_invalid_email_into_email_field()
  ✔ And User enters valid password "Bhaviravi" into password field # stepdefinitions.Login.user_enters_valid_password_into_password_field(java.lang.String)
  ✔ And User clicks on login button                                # stepdefinitions.Login.user_clicks_on_login_button()
  ✔ Then User should get a warning message                         # stepdefinitions.Login.user_should_get_a_warning_message()
]]></system-out>
    <system-err><![CDATA[Sep 10, 2026 3:00:12 PM org.openqa.selenium.devtools.CdpVersionFinder findNearestMatch
WARNING: Unable to find CDP implementation matching 152
Sep 10, 2026 3:00:12 PM org.openqa.selenium.chromium.ChromiumDriver lambda$new$4
WARNING: Unable to find version of CDP to use for 152.0.7977.76. You may need to include a dependency on a specific version of the CDP using something similar to `org.seleniumhq.selenium:selenium-devtools-v86:4.35.0` where the version ("v86") matches the version of the chromium-based browser you're using and the version number of the artifact is the same as Selenium's.
]]></system-err>
  </testcase>
  <testcase name="Login with empty fields" classname="Login functionality" time="6.027">
    <system-out><![CDATA[
Scenario: Login with empty fields                       # src/test/resources/features/login.feature:31
  ✔ Given User has navigated to login page              # stepdefinitions.Login.user_has_navigated_to_login_page()
  ✔ When User doesn't enter email into email field      # stepdefinitions.Login.user_doesn_t_enter_email_into_email_field()
  ✔ And User doesn't enter password into password field # stepdefinitions.Login.user_doesn_t_enter_password_into_password_field()
  ✔ And User clicks on login button                     # stepdefinitions.Login.user_clicks_on_login_button()
  ✔ Then User should get a warning message              # stepdefinitions.Login.user_should_get_a_warning_message()
]]></system-out>
    <system-err><![CDATA[Sep 10, 2026 3:00:35 PM org.openqa.selenium.devtools.CdpVersionFinder findNearestMatch
WARNING: Unable to find CDP implementation matching 152
Sep 10, 2026 3:00:35 PM org.openqa.selenium.chromium.ChromiumDriver lambda$new$4
WARNING: Unable to find version of CDP to use for 152.0.7977.76. You may need to include a dependency on a specific version of the CDP using something similar to `org.seleniumhq.selenium:selenium-devtools-v86:4.35.0` where the version ("v86") matches the version of the chromium-based browser you're using and the version number of the artifact is the same as Selenium's.
]]></system-err>
  </testcase>
  <testcase name="Login with all details" classname="Register Account" time="7.207">
    <system-out><![CDATA[
Scenario: Login with all details                           # src/test/resources/features/register.feature:6
  ✔ Given User navigates to the  registration page         # stepdefinitions.Register.user_navigates_to_the_registration_page()
  ✔ When User enters registration details into below field # stepdefinitions.Register.user_enters_registration_details_into_below_field(io.cucumber.datatable.DataTable)
      | firstName       | Ravi6      |
      | lastName        | S          |
      | telephone       | 1234567890 |
      | password        | Test@12345 |
      | confirmPassword | Test@12345 |
      | newsletter      | Yes        |
  ✔ And User selects the Privacy Policy                    # stepdefinitions.Register.user_selects_the_privacy_policy()
  ✔ And User clicks on Continue button                     # stepdefinitions.Register.user_clicks_on_continue_button()
Actual registration message: Your Account Has Been Created!
  ✔ Then User should be successfully registered            # stepdefinitions.Register.user_should_be_successfully_registered()
]]></system-out>
    <system-err><![CDATA[Sep 10, 2026 3:00:40 PM org.openqa.selenium.devtools.CdpVersionFinder findNearestMatch
WARNING: Unable to find CDP implementation matching 152
Sep 10, 2026 3:00:40 PM org.openqa.selenium.chromium.ChromiumDriver lambda$new$4
WARNING: Unable to find version of CDP to use for 152.0.7977.76. You may need to include a dependency on a specific version of the CDP using something similar to `org.seleniumhq.selenium:selenium-devtools-v86:4.35.0` where the version ("v86") matches the version of the chromium-based browser you're using and the version number of the artifact is the same as Selenium's.
]]></system-err>
  </testcase>
  <testcase name="User serach for valid product" classname="Search functionality" time="3.702">
    <system-out><![CDATA[
Scenario: User serach for valid product                              # src/test/resources/features/search.feature:2
  ✔ Given User opens the application                                 # stepdefinitions.Serach.user_opens_the_application()
  ✔ When User enters a valid product "HP" in search box              # stepdefinitions.Serach.user_enters_a_valid_product_in_search_box(java.lang.String)
  ✔ And User clicks on search button                                 # stepdefinitions.Serach.user_clicks_on_search_button()
  ✔ Then User should get a valid product display in the search field # stepdefinitions.Serach.user_should_get_a_valid_product_display_in_the_search_field()
]]></system-out>
    <system-err><![CDATA[Sep 10, 2026 3:00:48 PM org.openqa.selenium.devtools.CdpVersionFinder findNearestMatch
WARNING: Unable to find CDP implementation matching 152
Sep 10, 2026 3:00:48 PM org.openqa.selenium.chromium.ChromiumDriver lambda$new$4
WARNING: Unable to find version of CDP to use for 152.0.7977.76. You may need to include a dependency on a specific version of the CDP using something similar to `org.seleniumhq.selenium:selenium-devtools-v86:4.35.0` where the version ("v86") matches the version of the chromium-based browser you're using and the version number of the artifact is the same as Selenium's.
]]></system-err>
  </testcase>
  <testcase name="User serach for invalid product" classname="Search functionality" time="3.708">
    <system-out><![CDATA[
Scenario: User serach for invalid product                     # src/test/resources/features/search.feature:9
  ✔ Given User opens the application                          # stepdefinitions.Serach.user_opens_the_application()
  ✔ When User enters a invalid product "Laptop" in search box # stepdefinitions.Serach.user_enters_a_invalid_product_in_search_box(java.lang.String)
  ✔ And User clicks on search button                          # stepdefinitions.Serach.user_clicks_on_search_button()
  ✔ Then User should get a  message about  no product match   # stepdefinitions.Serach.user_should_get_a_message_about_no_product_match()
]]></system-out>
    <system-err><![CDATA[Sep 10, 2026 3:00:51 PM org.openqa.selenium.devtools.CdpVersionFinder findNearestMatch
WARNING: Unable to find CDP implementation matching 152
Sep 10, 2026 3:00:51 PM org.openqa.selenium.chromium.ChromiumDriver lambda$new$4
WARNING: Unable to find version of CDP to use for 152.0.7977.76. You may need to include a dependency on a specific version of the CDP using something similar to `org.seleniumhq.selenium:selenium-devtools-v86:4.35.0` where the version ("v86") matches the version of the chromium-based browser you're using and the version number of the artifact is the same as Selenium's.
]]></system-err>
  </testcase>
  <testcase name="User serach without any product" classname="Search functionality" time="3.653">
    <system-out><![CDATA[
Scenario: User serach without any product                   # src/test/resources/features/search.feature:16
  ✔ Given User opens the application                        # stepdefinitions.Serach.user_opens_the_application()
  ✔ When User didn't  enter a  product in search box        # stepdefinitions.Serach.user_didn_t_enter_a_product_in_search_box()
  ✔ And User clicks on search button                        # stepdefinitions.Serach.user_clicks_on_search_button()
  ✔ Then User should get a  message about  no product match # stepdefinitions.Serach.user_should_get_a_message_about_no_product_match()
]]></system-out>
    <system-err><![CDATA[Sep 10, 2026 3:00:55 PM org.openqa.selenium.devtools.CdpVersionFinder findNearestMatch
WARNING: Unable to find CDP implementation matching 152
Sep 10, 2026 3:00:55 PM org.openqa.selenium.chromium.ChromiumDriver lambda$new$4
WARNING: Unable to find version of CDP to use for 152.0.7977.76. You may need to include a dependency on a specific version of the CDP using something similar to `org.seleniumhq.selenium:selenium-devtools-v86:4.35.0` where the version ("v86") matches the version of the chromium-based browser you're using and the version number of the artifact is the same as Selenium's.
]]></system-err>
  </testcase>
</testsuite>